Analysis & Synthesis report for ProjetoT4BB6
Wed Mar 19 21:46:12 2025
Quartus Prime Version 20.1.1 Build 720 11/11/2020 SJ Lite Edition


---------------------
; Table of Contents ;
---------------------
  1. Legal Notice
  2. Analysis & Synthesis Summary
  3. Analysis & Synthesis Settings
  4. Parallel Compilation
  5. Analysis & Synthesis Source Files Read
  6. Analysis & Synthesis Resource Usage Summary
  7. Analysis & Synthesis Resource Utilization by Entity
  8. Registers Removed During Synthesis
  9. General Register Statistics
 10. Multiplexer Restructuring Statistics (Restructuring Performed)
 11. Parameter Settings for User Entity Instance: contador_m:color_selector
 12. Parameter Settings for User Entity Instance: contador_m:column_selector
 13. Port Connectivity Checks: "contador_m:column_selector"
 14. Port Connectivity Checks: "contador_m:color_selector"
 15. Post-Synthesis Netlist Statistics for Top Partition
 16. Elapsed Time Per Partition
 17. Analysis & Synthesis Messages



----------------
; Legal Notice ;
----------------
Copyright (C) 2020  Intel Corporation. All rights reserved.
Your use of Intel Corporation's design tools, logic functions 
and other software and tools, and any partner logic 
functions, and any output files from any of the foregoing 
(including device programming or simulation files), and any 
associated documentation or information are expressly subject 
to the terms and conditions of the Intel Program License 
Subscription Agreement, the Intel Quartus Prime License Agreement,
the Intel FPGA IP License Agreement, or other applicable license
agreement, including, without limitation, that your use is for
the sole purpose of programming logic devices manufactured by
Intel and sold by Intel or its authorized distributors.  Please
refer to the applicable agreement for further details, at
https://fpgasoftware.intel.com/eula.



+-------------------------------------------------------------------------------+
; Analysis & Synthesis Summary                                                  ;
+---------------------------------+---------------------------------------------+
; Analysis & Synthesis Status     ; Successful - Wed Mar 19 21:46:12 2025       ;
; Quartus Prime Version           ; 20.1.1 Build 720 11/11/2020 SJ Lite Edition ;
; Revision Name                   ; ProjetoT4BB6                                ;
; Top-level Entity Name           ; matrix_controller                           ;
; Family                          ; Cyclone V                                   ;
; Logic utilization (in ALMs)     ; N/A                                         ;
; Total registers                 ; 115                                         ;
; Total pins                      ; 50                                          ;
; Total virtual pins              ; 0                                           ;
; Total block memory bits         ; 0                                           ;
; Total DSP Blocks                ; 0                                           ;
; Total HSSI RX PCSs              ; 0                                           ;
; Total HSSI PMA RX Deserializers ; 0                                           ;
; Total HSSI TX PCSs              ; 0                                           ;
; Total HSSI PMA TX Serializers   ; 0                                           ;
; Total PLLs                      ; 0                                           ;
; Total DLLs                      ; 0                                           ;
+---------------------------------+---------------------------------------------+


+---------------------------------------------------------------------------------------------------------------------------+
; Analysis & Synthesis Settings                                                                                             ;
+---------------------------------------------------------------------------------+--------------------+--------------------+
; Option                                                                          ; Setting            ; Default Value      ;
+---------------------------------------------------------------------------------+--------------------+--------------------+
; Device                                                                          ; 5CEBA4F23C7        ;                    ;
; Top-level entity name                                                           ; matrix_controller  ; ProjetoT4BB6       ;
; Family name                                                                     ; Cyclone V          ; Cyclone V          ;
; Use smart compilation                                                           ; Off                ; Off                ;
; Enable parallel Assembler and Timing Analyzer during compilation                ; On                 ; On                 ;
; Enable compact report table                                                     ; Off                ; Off                ;
; Restructure Multiplexers                                                        ; Auto               ; Auto               ;
; MLAB Add Timing Constraints For Mixed-Port Feed-Through Mode Setting Don't Care ; Off                ; Off                ;
; Create Debugging Nodes for IP Cores                                             ; Off                ; Off                ;
; Preserve fewer node names                                                       ; On                 ; On                 ;
; Intel FPGA IP Evaluation Mode                                                   ; Enable             ; Enable             ;
; Verilog Version                                                                 ; Verilog_2001       ; Verilog_2001       ;
; VHDL Version                                                                    ; VHDL_1993          ; VHDL_1993          ;
; State Machine Processing                                                        ; Auto               ; Auto               ;
; Safe State Machine                                                              ; Off                ; Off                ;
; Extract Verilog State Machines                                                  ; On                 ; On                 ;
; Extract VHDL State Machines                                                     ; On                 ; On                 ;
; Ignore Verilog initial constructs                                               ; Off                ; Off                ;
; Iteration limit for constant Verilog loops                                      ; 5000               ; 5000               ;
; Iteration limit for non-constant Verilog loops                                  ; 250                ; 250                ;
; Add Pass-Through Logic to Inferred RAMs                                         ; On                 ; On                 ;
; Infer RAMs from Raw Logic                                                       ; On                 ; On                 ;
; Parallel Synthesis                                                              ; On                 ; On                 ;
; DSP Block Balancing                                                             ; Auto               ; Auto               ;
; NOT Gate Push-Back                                                              ; On                 ; On                 ;
; Power-Up Don't Care                                                             ; On                 ; On                 ;
; Remove Redundant Logic Cells                                                    ; Off                ; Off                ;
; Remove Duplicate Registers                                                      ; On                 ; On                 ;
; Ignore CARRY Buffers                                                            ; Off                ; Off                ;
; Ignore CASCADE Buffers                                                          ; Off                ; Off                ;
; Ignore GLOBAL Buffers                                                           ; Off                ; Off                ;
; Ignore ROW GLOBAL Buffers                                                       ; Off                ; Off                ;
; Ignore LCELL Buffers                                                            ; Off                ; Off                ;
; Ignore SOFT Buffers                                                             ; On                 ; On                 ;
; Limit AHDL Integers to 32 Bits                                                  ; Off                ; Off                ;
; Optimization Technique                                                          ; Balanced           ; Balanced           ;
; Carry Chain Length                                                              ; 70                 ; 70                 ;
; Auto Carry Chains                                                               ; On                 ; On                 ;
; Auto Open-Drain Pins                                                            ; On                 ; On                 ;
; Perform WYSIWYG Primitive Resynthesis                                           ; Off                ; Off                ;
; Auto ROM Replacement                                                            ; On                 ; On                 ;
; Auto RAM Replacement                                                            ; On                 ; On                 ;
; Auto DSP Block Replacement                                                      ; On                 ; On                 ;
; Auto Shift Register Replacement                                                 ; Auto               ; Auto               ;
; Allow Shift Register Merging across Hierarchies                                 ; Auto               ; Auto               ;
; Auto Clock Enable Replacement                                                   ; On                 ; On                 ;
; Strict RAM Replacement                                                          ; Off                ; Off                ;
; Allow Synchronous Control Signals                                               ; On                 ; On                 ;
; Force Use of Synchronous Clear Signals                                          ; Off                ; Off                ;
; Auto Resource Sharing                                                           ; Off                ; Off                ;
; Allow Any RAM Size For Recognition                                              ; Off                ; Off                ;
; Allow Any ROM Size For Recognition                                              ; Off                ; Off                ;
; Allow Any Shift Register Size For Recognition                                   ; Off                ; Off                ;
; Use LogicLock Constraints during Resource Balancing                             ; On                 ; On                 ;
; Ignore translate_off and synthesis_off directives                               ; Off                ; Off                ;
; Timing-Driven Synthesis                                                         ; On                 ; On                 ;
; Report Parameter Settings                                                       ; On                 ; On                 ;
; Report Source Assignments                                                       ; On                 ; On                 ;
; Report Connectivity Checks                                                      ; On                 ; On                 ;
; Ignore Maximum Fan-Out Assignments                                              ; Off                ; Off                ;
; Synchronization Register Chain Length                                           ; 3                  ; 3                  ;
; Power Optimization During Synthesis                                             ; Normal compilation ; Normal compilation ;
; HDL message level                                                               ; Level2             ; Level2             ;
; Suppress Register Optimization Related Messages                                 ; Off                ; Off                ;
; Number of Removed Registers Reported in Synthesis Report                        ; 5000               ; 5000               ;
; Number of Swept Nodes Reported in Synthesis Report                              ; 5000               ; 5000               ;
; Number of Inverted Registers Reported in Synthesis Report                       ; 100                ; 100                ;
; Clock MUX Protection                                                            ; On                 ; On                 ;
; Auto Gated Clock Conversion                                                     ; Off                ; Off                ;
; Block Design Naming                                                             ; Auto               ; Auto               ;
; SDC constraint protection                                                       ; Off                ; Off                ;
; Synthesis Effort                                                                ; Auto               ; Auto               ;
; Shift Register Replacement - Allow Asynchronous Clear Signal                    ; On                 ; On                 ;
; Pre-Mapping Resynthesis Optimization                                            ; Off                ; Off                ;
; Analysis & Synthesis Message Level                                              ; Medium             ; Medium             ;
; Disable Register Merging Across Hierarchies                                     ; Auto               ; Auto               ;
; Resource Aware Inference For Block RAM                                          ; On                 ; On                 ;
; Automatic Parallel Synthesis                                                    ; On                 ; On                 ;
; Partial Reconfiguration Bitstream ID                                            ; Off                ; Off                ;
+---------------------------------------------------------------------------------+--------------------+--------------------+


+------------------------------------------+
; Parallel Compilation                     ;
+----------------------------+-------------+
; Processors                 ; Number      ;
+----------------------------+-------------+
; Number detected on machine ; 16          ;
; Maximum allowed            ; 16          ;
;                            ;             ;
; Average used               ; 1.00        ;
; Maximum used               ; 16          ;
;                            ;             ;
; Usage by Processor         ; % Time Used ;
;     Processor 1            ; 100.0%      ;
;     Processors 2-16        ;   0.0%      ;
+----------------------------+-------------+


+------------------------------------------------------------------------------------------------------------------------------------------------------+
; Analysis & Synthesis Source Files Read                                                                                                               ;
+----------------------------------+-----------------+------------------------+--------------------------------------------------------------+---------+
; File Name with User-Entered Path ; Used in Netlist ; File Type              ; File Name with Absolute Path                                 ; Library ;
+----------------------------------+-----------------+------------------------+--------------------------------------------------------------+---------+
; contador_m.v                     ; yes             ; User Verilog HDL File  ; D:/Coding/Verilog/LabDig/Projeto/Quartus/contador_m.v        ;         ;
; matrix_controller.v              ; yes             ; User Verilog HDL File  ; D:/Coding/Verilog/LabDig/Projeto/Quartus/matrix_controller.v ;         ;
+----------------------------------+-----------------+------------------------+--------------------------------------------------------------+---------+


+-----------------------------------------------------------+
; Analysis & Synthesis Resource Usage Summary               ;
+---------------------------------------------+-------------+
; Resource                                    ; Usage       ;
+---------------------------------------------+-------------+
; Estimate of Logic utilization (ALMs needed) ; 114         ;
;                                             ;             ;
; Combinational ALUT usage for logic          ; 191         ;
;     -- 7 input functions                    ; 1           ;
;     -- 6 input functions                    ; 34          ;
;     -- 5 input functions                    ; 37          ;
;     -- 4 input functions                    ; 40          ;
;     -- <=3 input functions                  ; 79          ;
;                                             ;             ;
; Dedicated logic registers                   ; 115         ;
;                                             ;             ;
; I/O pins                                    ; 50          ;
;                                             ;             ;
; Total DSP Blocks                            ; 0           ;
;                                             ;             ;
; Maximum fan-out node                        ; clock~input ;
; Maximum fan-out                             ; 110         ;
; Total fan-out                               ; 1143        ;
; Average fan-out                             ; 2.82        ;
+---------------------------------------------+-------------+


+-----------------------------------------------------------------------------------------------------------------------------------------------------------------------------------------------------------------------------+
; Analysis & Synthesis Resource Utilization by Entity                                                                                                                                                                         ;
+---------------------------------+---------------------+---------------------------+-------------------+------------+------+--------------+-----------------------------------------------+-------------------+--------------+
; Compilation Hierarchy Node      ; Combinational ALUTs ; Dedicated Logic Registers ; Block Memory Bits ; DSP Blocks ; Pins ; Virtual Pins ; Full Hierarchy Name                           ; Entity Name       ; Library Name ;
+---------------------------------+---------------------+---------------------------+-------------------+------------+------+--------------+-----------------------------------------------+-------------------+--------------+
; |matrix_controller              ; 191 (188)           ; 115 (110)                 ; 0                 ; 0          ; 50   ; 0            ; |matrix_controller                            ; matrix_controller ; work         ;
;    |contador_m:color_selector|  ; 0 (0)               ; 2 (2)                     ; 0                 ; 0          ; 0    ; 0            ; |matrix_controller|contador_m:color_selector  ; contador_m        ; work         ;
;    |contador_m:column_selector| ; 3 (3)               ; 3 (3)                     ; 0                 ; 0          ; 0    ; 0            ; |matrix_controller|contador_m:column_selector ; contador_m        ; work         ;
+---------------------------------+---------------------+---------------------------+-------------------+------------+------+--------------+-----------------------------------------------+-------------------+--------------+
Note: For table entries with two numbers listed, the numbers in parentheses indicate the number of resources of the given type used by the specific entity alone. The numbers listed outside of parentheses indicate the total resources of the given type used by the specific entity and all of its sub-entities in the hierarchy.


+----------------------------------------------------------------------------------+
; Registers Removed During Synthesis                                               ;
+-----------------------------------------+----------------------------------------+
; Register name                           ; Reason for Removal                     ;
+-----------------------------------------+----------------------------------------+
; display_buffer[0][1][4]                 ; Stuck at VCC due to stuck port data_in ;
; display_buffer[0][1][3]                 ; Stuck at VCC due to stuck port data_in ;
; display_buffer[0][1][2]                 ; Stuck at VCC due to stuck port data_in ;
; display_buffer[0][1][1]                 ; Stuck at VCC due to stuck port data_in ;
; display_buffer[0][1][0]                 ; Stuck at VCC due to stuck port data_in ;
; display_buffer[0][1][5]                 ; Stuck at VCC due to stuck port data_in ;
; display_buffer[0][1][6]                 ; Stuck at VCC due to stuck port data_in ;
; display_buffer[0][1][7]                 ; Stuck at VCC due to stuck port data_in ;
; display_buffer[1][1][0]                 ; Stuck at VCC due to stuck port data_in ;
; display_buffer[1][1][1]                 ; Stuck at VCC due to stuck port data_in ;
; display_buffer[1][1][2]                 ; Stuck at VCC due to stuck port data_in ;
; display_buffer[1][1][3]                 ; Stuck at VCC due to stuck port data_in ;
; display_buffer[1][1][4]                 ; Stuck at VCC due to stuck port data_in ;
; display_buffer[1][1][5]                 ; Stuck at VCC due to stuck port data_in ;
; display_buffer[1][1][6]                 ; Stuck at VCC due to stuck port data_in ;
; display_buffer[1][1][7]                 ; Stuck at VCC due to stuck port data_in ;
; display_buffer[3][0][0]                 ; Stuck at VCC due to stuck port data_in ;
; display_buffer[3][0][1]                 ; Stuck at VCC due to stuck port data_in ;
; display_buffer[3][0][2]                 ; Stuck at VCC due to stuck port data_in ;
; display_buffer[3][0][3]                 ; Stuck at VCC due to stuck port data_in ;
; display_buffer[3][0][4]                 ; Stuck at VCC due to stuck port data_in ;
; display_buffer[3][0][5]                 ; Stuck at VCC due to stuck port data_in ;
; display_buffer[3][0][6]                 ; Stuck at VCC due to stuck port data_in ;
; display_buffer[3][0][7]                 ; Stuck at VCC due to stuck port data_in ;
; display_buffer[4][0][0]                 ; Stuck at VCC due to stuck port data_in ;
; display_buffer[4][0][1]                 ; Stuck at VCC due to stuck port data_in ;
; display_buffer[4][0][2]                 ; Stuck at VCC due to stuck port data_in ;
; display_buffer[4][0][3]                 ; Stuck at VCC due to stuck port data_in ;
; display_buffer[4][0][4]                 ; Stuck at VCC due to stuck port data_in ;
; display_buffer[4][0][5]                 ; Stuck at VCC due to stuck port data_in ;
; display_buffer[4][0][6]                 ; Stuck at VCC due to stuck port data_in ;
; display_buffer[4][0][7]                 ; Stuck at VCC due to stuck port data_in ;
; display_buffer[6][1][0]                 ; Stuck at VCC due to stuck port data_in ;
; display_buffer[6][1][1]                 ; Stuck at VCC due to stuck port data_in ;
; display_buffer[6][1][2]                 ; Stuck at VCC due to stuck port data_in ;
; display_buffer[6][1][3]                 ; Stuck at VCC due to stuck port data_in ;
; display_buffer[6][1][4]                 ; Stuck at VCC due to stuck port data_in ;
; display_buffer[6][1][5]                 ; Stuck at VCC due to stuck port data_in ;
; display_buffer[6][1][6]                 ; Stuck at VCC due to stuck port data_in ;
; display_buffer[6][1][7]                 ; Stuck at VCC due to stuck port data_in ;
; display_buffer[7][1][0]                 ; Stuck at VCC due to stuck port data_in ;
; display_buffer[7][1][1]                 ; Stuck at VCC due to stuck port data_in ;
; display_buffer[7][1][2]                 ; Stuck at VCC due to stuck port data_in ;
; display_buffer[7][1][3]                 ; Stuck at VCC due to stuck port data_in ;
; display_buffer[7][1][4]                 ; Stuck at VCC due to stuck port data_in ;
; display_buffer[7][1][5]                 ; Stuck at VCC due to stuck port data_in ;
; display_buffer[7][1][6]                 ; Stuck at VCC due to stuck port data_in ;
; display_buffer[7][1][7]                 ; Stuck at VCC due to stuck port data_in ;
; display_buffer[7][2][0]                 ; Merged with display_buffer[7][0][0]    ;
; display_buffer[6][2][0]                 ; Merged with display_buffer[6][0][0]    ;
; display_buffer[1][2][0]                 ; Merged with display_buffer[1][0][0]    ;
; display_buffer[0][2][0]                 ; Merged with display_buffer[0][0][0]    ;
; display_buffer[7][2][1]                 ; Merged with display_buffer[7][0][1]    ;
; display_buffer[6][2][1]                 ; Merged with display_buffer[6][0][1]    ;
; display_buffer[1][2][1]                 ; Merged with display_buffer[1][0][1]    ;
; display_buffer[0][2][1]                 ; Merged with display_buffer[0][0][1]    ;
; display_buffer[7][2][2]                 ; Merged with display_buffer[7][0][2]    ;
; display_buffer[6][2][2]                 ; Merged with display_buffer[6][0][2]    ;
; display_buffer[1][2][2]                 ; Merged with display_buffer[1][0][2]    ;
; display_buffer[0][2][2]                 ; Merged with display_buffer[0][0][2]    ;
; display_buffer[7][2][3]                 ; Merged with display_buffer[7][0][3]    ;
; display_buffer[6][2][3]                 ; Merged with display_buffer[6][0][3]    ;
; display_buffer[1][2][3]                 ; Merged with display_buffer[1][0][3]    ;
; display_buffer[0][2][3]                 ; Merged with display_buffer[0][0][3]    ;
; display_buffer[7][2][4]                 ; Merged with display_buffer[7][0][4]    ;
; display_buffer[6][2][4]                 ; Merged with display_buffer[6][0][4]    ;
; display_buffer[1][2][4]                 ; Merged with display_buffer[1][0][4]    ;
; display_buffer[0][2][4]                 ; Merged with display_buffer[0][0][4]    ;
; display_buffer[7][2][5]                 ; Merged with display_buffer[7][0][5]    ;
; display_buffer[6][2][5]                 ; Merged with display_buffer[6][0][5]    ;
; display_buffer[1][2][5]                 ; Merged with display_buffer[1][0][5]    ;
; display_buffer[0][2][5]                 ; Merged with display_buffer[0][0][5]    ;
; display_buffer[7][2][6]                 ; Merged with display_buffer[7][0][6]    ;
; display_buffer[6][2][6]                 ; Merged with display_buffer[6][0][6]    ;
; display_buffer[1][2][6]                 ; Merged with display_buffer[1][0][6]    ;
; display_buffer[0][2][6]                 ; Merged with display_buffer[0][0][6]    ;
; display_buffer[7][2][7]                 ; Merged with display_buffer[7][0][7]    ;
; display_buffer[6][2][7]                 ; Merged with display_buffer[6][0][7]    ;
; display_buffer[1][2][7]                 ; Merged with display_buffer[1][0][7]    ;
; display_buffer[0][2][7]                 ; Merged with display_buffer[0][0][7]    ;
; display_buffer[2][2][0]                 ; Merged with display_buffer[2][1][0]    ;
; display_buffer[3][2][0]                 ; Merged with display_buffer[2][1][0]    ;
; display_buffer[4][1][0]                 ; Merged with display_buffer[2][1][0]    ;
; display_buffer[5][2][0]                 ; Merged with display_buffer[2][1][0]    ;
; display_buffer[2][2][1]                 ; Merged with display_buffer[2][1][1]    ;
; display_buffer[3][2][1]                 ; Merged with display_buffer[2][1][1]    ;
; display_buffer[4][1][1]                 ; Merged with display_buffer[2][1][1]    ;
; display_buffer[5][2][1]                 ; Merged with display_buffer[2][1][1]    ;
; display_buffer[2][2][2]                 ; Merged with display_buffer[2][1][2]    ;
; display_buffer[3][2][2]                 ; Merged with display_buffer[2][1][2]    ;
; display_buffer[4][1][2]                 ; Merged with display_buffer[2][1][2]    ;
; display_buffer[5][2][2]                 ; Merged with display_buffer[2][1][2]    ;
; display_buffer[2][2][3]                 ; Merged with display_buffer[2][1][3]    ;
; display_buffer[3][2][3]                 ; Merged with display_buffer[2][1][3]    ;
; display_buffer[4][1][3]                 ; Merged with display_buffer[2][1][3]    ;
; display_buffer[5][2][3]                 ; Merged with display_buffer[2][1][3]    ;
; display_buffer[2][2][4]                 ; Merged with display_buffer[2][1][4]    ;
; display_buffer[3][2][4]                 ; Merged with display_buffer[2][1][4]    ;
; display_buffer[4][1][4]                 ; Merged with display_buffer[2][1][4]    ;
; display_buffer[5][2][4]                 ; Merged with display_buffer[2][1][4]    ;
; display_buffer[2][2][5]                 ; Merged with display_buffer[2][1][5]    ;
; display_buffer[3][2][5]                 ; Merged with display_buffer[2][1][5]    ;
; display_buffer[4][1][5]                 ; Merged with display_buffer[2][1][5]    ;
; display_buffer[5][2][5]                 ; Merged with display_buffer[2][1][5]    ;
; display_buffer[2][2][6]                 ; Merged with display_buffer[2][1][6]    ;
; display_buffer[3][2][6]                 ; Merged with display_buffer[2][1][6]    ;
; display_buffer[4][1][6]                 ; Merged with display_buffer[2][1][6]    ;
; display_buffer[5][2][6]                 ; Merged with display_buffer[2][1][6]    ;
; display_buffer[2][2][7]                 ; Merged with display_buffer[2][1][7]    ;
; display_buffer[3][2][7]                 ; Merged with display_buffer[2][1][7]    ;
; display_buffer[4][1][7]                 ; Merged with display_buffer[2][1][7]    ;
; display_buffer[5][2][7]                 ; Merged with display_buffer[2][1][7]    ;
; display_buffer[2][1][0]                 ; Stuck at VCC due to stuck port data_in ;
; display_buffer[5][1][0]                 ; Merged with display_buffer[5][0][0]    ;
; Total Number of Removed Registers = 114 ;                                        ;
+-----------------------------------------+----------------------------------------+


+------------------------------------------------------+
; General Register Statistics                          ;
+----------------------------------------------+-------+
; Statistic                                    ; Value ;
+----------------------------------------------+-------+
; Total registers                              ; 115   ;
; Number of registers using Synchronous Clear  ; 10    ;
; Number of registers using Synchronous Load   ; 35    ;
; Number of registers using Asynchronous Clear ; 5     ;
; Number of registers using Asynchronous Load  ; 0     ;
; Number of registers using Clock Enable       ; 34    ;
; Number of registers using Preset             ; 0     ;
+----------------------------------------------+-------+


+----------------------------------------------------------------------------------------------------------------------------------------------------------+
; Multiplexer Restructuring Statistics (Restructuring Performed)                                                                                           ;
+--------------------+-----------+---------------+----------------------+------------------------+------------+--------------------------------------------+
; Multiplexer Inputs ; Bus Width ; Baseline Area ; Area if Restructured ; Saving if Restructured ; Registered ; Example Multiplexer Output                 ;
+--------------------+-----------+---------------+----------------------+------------------------+------------+--------------------------------------------+
; 3:1                ; 3 bits    ; 6 LEs         ; 6 LEs                ; 0 LEs                  ; Yes        ; |matrix_controller|display_buffer[6][0][0] ;
; 3:1                ; 32 bits   ; 64 LEs        ; 32 LEs               ; 32 LEs                 ; Yes        ; |matrix_controller|jogadas[0][1]           ;
; 4:1                ; 10 bits   ; 20 LEs        ; 20 LEs               ; 0 LEs                  ; Yes        ; |matrix_controller|display_buffer[6][0][3] ;
; 4:1                ; 10 bits   ; 20 LEs        ; 10 LEs               ; 10 LEs                 ; Yes        ; |matrix_controller|display_buffer[0][0][4] ;
; 4:1                ; 2 bits    ; 4 LEs         ; 4 LEs                ; 0 LEs                  ; Yes        ; |matrix_controller|display_buffer[7][0][2] ;
; 4:1                ; 2 bits    ; 4 LEs         ; 4 LEs                ; 0 LEs                  ; Yes        ; |matrix_controller|display_buffer[0][0][2] ;
; 5:1                ; 2 bits    ; 6 LEs         ; 6 LEs                ; 0 LEs                  ; Yes        ; |matrix_controller|display_buffer[6][0][2] ;
; 5:1                ; 2 bits    ; 6 LEs         ; 6 LEs                ; 0 LEs                  ; Yes        ; |matrix_controller|display_buffer[1][0][2] ;
; 3:1                ; 2 bits    ; 4 LEs         ; 4 LEs                ; 0 LEs                  ; No         ; |matrix_controller|ShiftRight1             ;
; 3:1                ; 2 bits    ; 4 LEs         ; 4 LEs                ; 0 LEs                  ; No         ; |matrix_controller|ShiftRight1             ;
; 6:1                ; 7 bits    ; 28 LEs        ; 21 LEs               ; 7 LEs                  ; No         ; |matrix_controller|matriz_b                ;
; 7:1                ; 7 bits    ; 28 LEs        ; 28 LEs               ; 0 LEs                  ; No         ; |matrix_controller|matriz_g                ;
; 7:1                ; 8 bits    ; 32 LEs        ; 32 LEs               ; 0 LEs                  ; No         ; |matrix_controller|matriz_r                ;
+--------------------+-----------+---------------+----------------------+------------------------+------------+--------------------------------------------+


+------------------------------------------------------------------------+
; Parameter Settings for User Entity Instance: contador_m:color_selector ;
+----------------+-------+-----------------------------------------------+
; Parameter Name ; Value ; Type                                          ;
+----------------+-------+-----------------------------------------------+
; M              ; 3     ; Signed Integer                                ;
; N              ; 2     ; Signed Integer                                ;
+----------------+-------+-----------------------------------------------+
Note: In order to hide this table in the UI and the text report file, please set the "Show Parameter Settings in Synthesis Report" option in "Analysis and Synthesis Settings -> More Settings" to "Off".


+-------------------------------------------------------------------------+
; Parameter Settings for User Entity Instance: contador_m:column_selector ;
+----------------+-------+------------------------------------------------+
; Parameter Name ; Value ; Type                                           ;
+----------------+-------+------------------------------------------------+
; M              ; 8     ; Signed Integer                                 ;
; N              ; 3     ; Signed Integer                                 ;
+----------------+-------+------------------------------------------------+
Note: In order to hide this table in the UI and the text report file, please set the "Show Parameter Settings in Synthesis Report" option in "Analysis and Synthesis Settings -> More Settings" to "Off".


+--------------------------------------------------------+
; Port Connectivity Checks: "contador_m:column_selector" ;
+--------+--------+----------+---------------------------+
; Port   ; Type   ; Severity ; Details                   ;
+--------+--------+----------+---------------------------+
; zera_s ; Input  ; Info     ; Stuck at GND              ;
; fim    ; Output ; Info     ; Explicitly unconnected    ;
; meio   ; Output ; Info     ; Explicitly unconnected    ;
+--------+--------+----------+---------------------------+


+-------------------------------------------------------+
; Port Connectivity Checks: "contador_m:color_selector" ;
+--------+--------+----------+--------------------------+
; Port   ; Type   ; Severity ; Details                  ;
+--------+--------+----------+--------------------------+
; zera_s ; Input  ; Info     ; Stuck at GND             ;
; meio   ; Output ; Info     ; Explicitly unconnected   ;
+--------+--------+----------+--------------------------+


+-----------------------------------------------------+
; Post-Synthesis Netlist Statistics for Top Partition ;
+-----------------------+-----------------------------+
; Type                  ; Count                       ;
+-----------------------+-----------------------------+
; arriav_ff             ; 115                         ;
;     CLR               ; 3                           ;
;     ENA               ; 32                          ;
;     ENA CLR           ; 2                           ;
;     SCLR              ; 10                          ;
;     SLD               ; 35                          ;
;     plain             ; 33                          ;
; arriav_lcell_comb     ; 193                         ;
;     extend            ; 1                           ;
;         7 data inputs ; 1                           ;
;     normal            ; 192                         ;
;         1 data inputs ; 3                           ;
;         2 data inputs ; 44                          ;
;         3 data inputs ; 34                          ;
;         4 data inputs ; 40                          ;
;         5 data inputs ; 37                          ;
;         6 data inputs ; 34                          ;
; boundary_port         ; 50                          ;
;                       ;                             ;
; Max LUT depth         ; 2.00                        ;
; Average LUT depth     ; 1.46                        ;
+-----------------------+-----------------------------+


+-------------------------------+
; Elapsed Time Per Partition    ;
+----------------+--------------+
; Partition Name ; Elapsed Time ;
+----------------+--------------+
; Top            ; 00:00:00     ;
+----------------+--------------+


+-------------------------------+
; Analysis & Synthesis Messages ;
+-------------------------------+
Info: *******************************************************************
Info: Running Quartus Prime Analysis & Synthesis
    Info: Version 20.1.1 Build 720 11/11/2020 SJ Lite Edition
    Info: Processing started: Wed Mar 19 21:46:03 2025
Info: Command: quartus_map --read_settings_files=on --write_settings_files=off ProjetoT4BB6 -c ProjetoT4BB6
Warning (18236): Number of processors has not been specified which may cause overloading on shared machines.  Set the global assignment NUM_PARALLEL_PROCESSORS in your QSF to an appropriate value for best performance.
Info (20030): Parallel compilation is enabled and will use 16 of the 16 processors detected
Info (12021): Found 1 design units, including 1 entities, in source file unidade_controle.v
    Info (12023): Found entity 1: unidade_controle File: D:/Coding/Verilog/LabDig/Projeto/Quartus/unidade_controle.v Line: 1
Info (12021): Found 1 design units, including 1 entities, in source file rom_16x4.v
    Info (12023): Found entity 1: rom_16x4 File: D:/Coding/Verilog/LabDig/Projeto/Quartus/rom_16x4.v Line: 13
Info (12021): Found 1 design units, including 1 entities, in source file rom16x4_v2.v
    Info (12023): Found entity 1: rom_16x4_v2 File: D:/Coding/Verilog/LabDig/Projeto/Quartus/rom16x4_v2.v Line: 13
Info (12021): Found 1 design units, including 1 entities, in source file registrador_4.v
    Info (12023): Found entity 1: registrador_4 File: D:/Coding/Verilog/LabDig/Projeto/Quartus/registrador_4.v Line: 13
Info (12021): Found 1 design units, including 1 entities, in source file projeto_top_level.v
    Info (12023): Found entity 1: projeto_top_level File: D:/Coding/Verilog/LabDig/Projeto/Quartus/projeto_top_level.v Line: 1
Info (12021): Found 1 design units, including 1 entities, in source file mux2x1_n.v
    Info (12023): Found entity 1: mux2x1_n File: D:/Coding/Verilog/LabDig/Projeto/Quartus/mux2x1_n.v Line: 17
Info (12021): Found 1 design units, including 1 entities, in source file mux2x1.v
    Info (12023): Found entity 1: mux2x1 File: D:/Coding/Verilog/LabDig/Projeto/Quartus/mux2x1.v Line: 18
Info (12021): Found 1 design units, including 1 entities, in source file hexa7seg.v
    Info (12023): Found entity 1: hexa7seg File: D:/Coding/Verilog/LabDig/Projeto/Quartus/hexa7seg.v Line: 23
Info (12021): Found 1 design units, including 1 entities, in source file fluxo_dados.v
    Info (12023): Found entity 1: fluxo_dados File: D:/Coding/Verilog/LabDig/Projeto/Quartus/fluxo_dados.v Line: 1
Info (12021): Found 1 design units, including 1 entities, in source file edge_detector.v
    Info (12023): Found entity 1: edge_detector File: D:/Coding/Verilog/LabDig/Projeto/Quartus/edge_detector.v Line: 21
Info (12021): Found 1 design units, including 1 entities, in source file contador_m.v
    Info (12023): Found entity 1: contador_m File: D:/Coding/Verilog/LabDig/Projeto/Quartus/contador_m.v Line: 20
Info (12021): Found 1 design units, including 1 entities, in source file contador_163.v
    Info (12023): Found entity 1: contador_163 File: D:/Coding/Verilog/LabDig/Projeto/Quartus/contador_163.v Line: 16
Info (12021): Found 1 design units, including 1 entities, in source file comparador_85.v
    Info (12023): Found entity 1: comparador_85 File: D:/Coding/Verilog/LabDig/Projeto/Quartus/comparador_85.v Line: 16
Info (12021): Found 1 design units, including 1 entities, in source file circuito_exp6_timeout_tb.v
    Info (12023): Found entity 1: circuito_exp6_timeout_tb File: D:/Coding/Verilog/LabDig/Projeto/Quartus/circuito_exp6_timeout_tb.v Line: 5
Info (12021): Found 1 design units, including 1 entities, in source file circuito_exp6_erro_tb.v
    Info (12023): Found entity 1: circuito_exp6_erro_tb File: D:/Coding/Verilog/LabDig/Projeto/Quartus/circuito_exp6_erro_tb.v Line: 5
Info (12021): Found 1 design units, including 1 entities, in source file circuito_exp6_acerto_tb.v
    Info (12023): Found entity 1: circuito_exp6_acerto_tb File: D:/Coding/Verilog/LabDig/Projeto/Quartus/circuito_exp6_acerto_tb.v Line: 5
Info (12021): Found 1 design units, including 1 entities, in source file matrix_controller.v
    Info (12023): Found entity 1: matrix_controller File: D:/Coding/Verilog/LabDig/Projeto/Quartus/matrix_controller.v Line: 1
Warning (10236): Verilog HDL Implicit Net warning at projeto_top_level.v(99): created implicit net for "s_zeraSM" File: D:/Coding/Verilog/LabDig/Projeto/Quartus/projeto_top_level.v Line: 99
Warning (10236): Verilog HDL Implicit Net warning at projeto_top_level.v(100): created implicit net for "s_registraSM" File: D:/Coding/Verilog/LabDig/Projeto/Quartus/projeto_top_level.v Line: 100
Info (12127): Elaborating entity "matrix_controller" for the top level hierarchy
Warning (10235): Verilog HDL Always Construct warning at matrix_controller.v(172): variable "output_color" is read inside the Always Construct but isn't in the Always Construct's Event Control File: D:/Coding/Verilog/LabDig/Projeto/Quartus/matrix_controller.v Line: 172
Warning (10235): Verilog HDL Always Construct warning at matrix_controller.v(173): variable "line_output_r" is read inside the Always Construct but isn't in the Always Construct's Event Control File: D:/Coding/Verilog/LabDig/Projeto/Quartus/matrix_controller.v Line: 173
Warning (10235): Verilog HDL Always Construct warning at matrix_controller.v(174): variable "line_output_g" is read inside the Always Construct but isn't in the Always Construct's Event Control File: D:/Coding/Verilog/LabDig/Projeto/Quartus/matrix_controller.v Line: 174
Warning (10235): Verilog HDL Always Construct warning at matrix_controller.v(175): variable "line_output_b" is read inside the Always Construct but isn't in the Always Construct's Event Control File: D:/Coding/Verilog/LabDig/Projeto/Quartus/matrix_controller.v Line: 175
Warning (10270): Verilog HDL Case Statement warning at matrix_controller.v(172): incomplete case statement has no default case item File: D:/Coding/Verilog/LabDig/Projeto/Quartus/matrix_controller.v Line: 172
Info (10008): Verilog HDL or VHDL information: EDA Netlist Writer cannot regroup multidimensional array "display_buffer" into its bus
Info (12128): Elaborating entity "contador_m" for hierarchy "contador_m:color_selector" File: D:/Coding/Verilog/LabDig/Projeto/Quartus/matrix_controller.v Line: 106
Info (12128): Elaborating entity "contador_m" for hierarchy "contador_m:column_selector" File: D:/Coding/Verilog/LabDig/Projeto/Quartus/matrix_controller.v Line: 116
Info (286030): Timing-Driven Synthesis is running
Info (16010): Generating hard_block partition "hard_block:auto_generated_inst"
    Info (16011): Adding 0 node(s), including 0 DDIO, 0 PLL, 0 transceiver and 0 LCELL
Info (21057): Implemented 252 device resources after synthesis - the final resource count might be different
    Info (21058): Implemented 18 input pins
    Info (21059): Implemented 32 output pins
    Info (21061): Implemented 202 logic cells
Info: Quartus Prime Analysis & Synthesis was successful. 0 errors, 8 warnings
    Info: Peak virtual memory: 4879 megabytes
    Info: Processing ended: Wed Mar 19 21:46:12 2025
    Info: Elapsed time: 00:00:09
    Info: Total CPU time (on all processors): 00:00:20


